2026-02-20T11:22:25.943+0100 [INFO]  Terraform version: 1.14.4
2026-02-20T11:22:25.948+0100 [DEBUG] using github.com/hashicorp/go-tfe v1.94.0
2026-02-20T11:22:25.948+0100 [DEBUG] using github.com/hashicorp/hcl/v2 v2.24.0
2026-02-20T11:22:25.948+0100 [DEBUG] using github.com/hashicorp/terraform-svchost v0.1.1
2026-02-20T11:22:25.948+0100 [DEBUG] using github.com/zclconf/go-cty v1.16.3
2026-02-20T11:22:25.948+0100 [INFO]  Go runtime version: go1.25.6
2026-02-20T11:22:25.948+0100 [INFO]  CLI args: []string{"terraform", "init"}
2026-02-20T11:22:25.948+0100 [DEBUG] Attempting to open CLI config file: /Users/michealobozokhaoshogwe/.terraformrc
2026-02-20T11:22:25.948+0100 [DEBUG] File doesn't exist, but doesn't need to. Ignoring.
2026-02-20T11:22:25.949+0100 [DEBUG] ignoring non-existing provider search directory terraform.d/plugins
2026-02-20T11:22:25.949+0100 [DEBUG] ignoring non-existing provider search directory /Users/michealobozokhaoshogwe/.terraform.d/plugins
2026-02-20T11:22:25.950+0100 [DEBUG] ignoring non-existing provider search directory /Users/michealobozokhaoshogwe/Library/Application Support/io.terraform/plugins
2026-02-20T11:22:25.950+0100 [DEBUG] ignoring non-existing provider search directory /Library/Application Support/io.terraform/plugins
2026-02-20T11:22:25.952+0100 [INFO]  CLI command args: []string{"init"}
2026-02-20T11:22:25.965+0100 [DEBUG] checking for provisioner in "."
2026-02-20T11:22:25.967+0100 [DEBUG] checking for provisioner in "/usr/local/bin"
2026-02-20T11:22:25.971+0100 [DEBUG] backend-s3.aws-base: Resolving credentials provider: tf_backend.operation=Configure tf_backend.req_id=e44ba846-64eb-f7dc-2578-398d78c89010 tf_backend.s3.bucket=app-devops-michaelken30 tf_backend.s3.path=prod/service/terraform.tfstate
2026-02-20T11:22:25.973+0100 [DEBUG] backend-s3.aws-base: Loading configuration: tf_backend.operation=Configure tf_backend.req_id=e44ba846-64eb-f7dc-2578-398d78c89010 tf_backend.s3.bucket=app-devops-michaelken30 tf_backend.s3.path=prod/service/terraform.tfstate
2026-02-20T11:22:25.976+0100 [DEBUG] backend-s3.aws-base: Retrieving credentials: tf_backend.operation=Configure tf_backend.req_id=e44ba846-64eb-f7dc-2578-398d78c89010 tf_backend.s3.bucket=app-devops-michaelken30 tf_backend.s3.path=prod/service/terraform.tfstate
2026-02-20T11:22:25.978+0100 [INFO]  backend-s3.aws-base: Retrieved credentials: tf_backend.operation=Configure tf_backend.req_id=e44ba846-64eb-f7dc-2578-398d78c89010 tf_backend.s3.bucket=app-devops-michaelken30 tf_backend.s3.path=prod/service/terraform.tfstate tf_aws.credentials_source="SharedConfigCredentials: /Users/michealobozokhaoshogwe/.aws/credentials"
2026-02-20T11:22:25.978+0100 [DEBUG] backend-s3.aws-base: Loading configuration: tf_backend.operation=Configure tf_backend.req_id=e44ba846-64eb-f7dc-2578-398d78c89010 tf_backend.s3.bucket=app-devops-michaelken30 tf_backend.s3.path=prod/service/terraform.tfstate
2026-02-20T11:22:25.979+0100 [DEBUG] backend-s3.aws-base: Retrieving caller identity from STS: tf_backend.operation=Configure tf_backend.req_id=e44ba846-64eb-f7dc-2578-398d78c89010 tf_backend.s3.bucket=app-devops-michaelken30 tf_backend.s3.path=prod/service/terraform.tfstate
2026-02-20T11:22:25.992+0100 [DEBUG] backend-s3.aws-base: HTTP Request Sent: aws.region=us-east-1 rpc.method=GetCallerIdentity rpc.service=STS rpc.system=aws-api tf_aws.sdk=aws-sdk-go-v2 tf_aws.signing_region="" tf_backend.operation=Configure tf_backend.req_id=e44ba846-64eb-f7dc-2578-398d78c89010 tf_backend.s3.bucket=app-devops-michaelken30 tf_backend.s3.path=prod/service/terraform.tfstate http.request.header.x_amz_date=20260220T102225Z http.request.header.content_type=application/x-www-form-urlencoded
  http.request.body=
  | Action=GetCallerIdentity&Version=2011-06-15
   http.url=https://sts.us-east-1.amazonaws.com/ net.peer.name=sts.us-east-1.amazonaws.com http.request.header.amz_sdk_invocation_id=63922393-6f8d-4eae-89f6-d3fb05bed8bc http.method=POST http.user_agent="APN/1.0 HashiCorp/1.0 Terraform/1.14.4 (+https://www.terraform.io) aws-sdk-go-v2/1.39.2 ua/2.1 os/macos lang/go#1.25.6 md/GOOS#darwin md/GOARCH#amd64 api/sts#1.38.6 m/n" http.request_content_length=43 http.request.header.authorization="AWS4-HMAC-SHA256 Credential=AKIA************UQ5I/20260220/us-east-1/sts/aws4_request, SignedHeaders=amz-sdk-invocation-id;amz-sdk-request;content-length;content-type;host;x-amz-date, Signature=*****" http.request.header.amz_sdk_request="attempt=1; max=5"
2026-02-20T11:22:28.947+0100 [DEBUG] backend-s3.aws-base: HTTP Response Received: aws.region=us-east-1 rpc.method=GetCallerIdentity rpc.service=STS rpc.system=aws-api tf_aws.sdk=aws-sdk-go-v2 tf_aws.signing_region="" tf_backend.operation=Configure tf_backend.req_id=e44ba846-64eb-f7dc-2578-398d78c89010 tf_backend.s3.bucket=app-devops-michaelken30 tf_backend.s3.path=prod/service/terraform.tfstate http.response.header.x_amz_sts_extended_request_id=MTp1cy1lYXN0LTE6UzoxNzcxNTgyOTQ4NzY0OlI6RWVhQWU4eWE= http.response.header.content_type=text/xml http.response.header.date="Fri, 20 Feb 2026 10:22:28 GMT"
  http.response.body=
  | <GetCallerIdentityResponse xmlns="https://sts.amazonaws.com/doc/2011-06-15/">
  |   <GetCallerIdentityResult>
  |     <Arn>arn:aws:iam::970547377227:root</Arn>
  |     <UserId>970547377227</UserId>
  |     <Account>970547377227</Account>
  |   </GetCallerIdentityResult>
  |   <ResponseMetadata>
  |     <RequestId>e37b42db-2a28-4bc7-861a-5074bbd1e1a8</RequestId>
  |   </ResponseMetadata>
  | </GetCallerIdentityResponse>
   http.duration=2955 http.status_code=200 http.response_content_length=387 http.response.header.x_amzn_requestid=e37b42db-2a28-4bc7-861a-5074bbd1e1a8
2026-02-20T11:22:28.948+0100 [INFO]  backend-s3.aws-base: Retrieved caller identity from STS: tf_backend.operation=Configure tf_backend.req_id=e44ba846-64eb-f7dc-2578-398d78c89010 tf_backend.s3.bucket=app-devops-michaelken30 tf_backend.s3.path=prod/service/terraform.tfstate
2026-02-20T11:22:28.948+0100 [DEBUG] backend-s3.aws-base: Retrieving caller identity from STS: tf_backend.operation=Configure tf_backend.req_id=e44ba846-64eb-f7dc-2578-398d78c89010 tf_backend.s3.bucket=app-devops-michaelken30 tf_backend.s3.path=prod/service/terraform.tfstate
2026-02-20T11:22:28.949+0100 [DEBUG] backend-s3.aws-base: HTTP Request Sent: aws.region=us-east-1 rpc.method=GetCallerIdentity rpc.service=STS rpc.system=aws-api tf_aws.sdk=aws-sdk-go-v2 tf_aws.signing_region="" tf_backend.operation=Configure tf_backend.req_id=e44ba846-64eb-f7dc-2578-398d78c89010 tf_backend.s3.bucket=app-devops-michaelken30 tf_backend.s3.path=prod/service/terraform.tfstate http.request_content_length=43 http.request.header.authorization="AWS4-HMAC-SHA256 Credential=AKIA************UQ5I/20260220/us-east-1/sts/aws4_request, SignedHeaders=amz-sdk-invocation-id;amz-sdk-request;content-length;content-type;host;x-amz-date, Signature=*****" http.request.header.x_amz_date=20260220T102228Z http.request.header.content_type=application/x-www-form-urlencoded http.url=https://sts.us-east-1.amazonaws.com/ net.peer.name=sts.us-east-1.amazonaws.com http.user_agent="APN/1.0 HashiCorp/1.0 Terraform/1.14.4 (+https://www.terraform.io) aws-sdk-go-v2/1.39.2 ua/2.1 os/macos lang/go#1.25.6 md/GOOS#darwin md/GOARCH#amd64 api/sts#1.38.6 m/n" http.request.header.amz_sdk_invocation_id=e568b9ba-2076-4822-8ccd-13f89a50ba72 http.request.header.amz_sdk_request="attempt=1; max=5"
  http.request.body=
  | Action=GetCallerIdentity&Version=2011-06-15
   http.method=POST
2026-02-20T11:22:30.322+0100 [DEBUG] backend-s3.aws-base: HTTP Response Received: aws.region=us-east-1 rpc.method=GetCallerIdentity rpc.service=STS rpc.system=aws-api tf_aws.sdk=aws-sdk-go-v2 tf_aws.signing_region="" tf_backend.operation=Configure tf_backend.req_id=e44ba846-64eb-f7dc-2578-398d78c89010 tf_backend.s3.bucket=app-devops-michaelken30 tf_backend.s3.path=prod/service/terraform.tfstate http.response.header.content_type=text/xml http.response.header.date="Fri, 20 Feb 2026 10:22:29 GMT"
  http.response.body=
  | <GetCallerIdentityResponse xmlns="https://sts.amazonaws.com/doc/2011-06-15/">
  |   <GetCallerIdentityResult>
  |     <Arn>arn:aws:iam::970547377227:root</Arn>
  |     <UserId>970547377227</UserId>
  |     <Account>970547377227</Account>
  |   </GetCallerIdentityResult>
  |   <ResponseMetadata>
  |     <RequestId>6751b149-4c9b-4464-bb80-1b1a1dcc667a</RequestId>
  |   </ResponseMetadata>
  | </GetCallerIdentityResponse>
   http.duration=1373 http.status_code=200 http.response_content_length=387 http.response.header.x_amzn_requestid=6751b149-4c9b-4464-bb80-1b1a1dcc667a http.response.header.x_amz_sts_extended_request_id=MTp1cy1lYXN0LTE6UzoxNzcxNTgyOTQ5MDU2OlI6UEtzMmdlWXc=
2026-02-20T11:22:30.322+0100 [INFO]  backend-s3.aws-base: Retrieved caller identity from STS: tf_backend.operation=Configure tf_backend.req_id=e44ba846-64eb-f7dc-2578-398d78c89010 tf_backend.s3.bucket=app-devops-michaelken30 tf_backend.s3.path=prod/service/terraform.tfstate
2026-02-20T11:22:30.338+0100 [DEBUG] backend-s3: HTTP Request Sent: aws.region=us-east-1 aws.s3.bucket=app-devops-michaelken30 rpc.method=ListObjectsV2 rpc.service=S3 rpc.system=aws-api tf_aws.sdk=aws-sdk-go-v2 tf_aws.signing_region="" tf_backend.operation=Workspaces tf_backend.req_id=796d3f3a-f844-239a-d142-8bff3c06140d tf_backend.s3.bucket=app-devops-michaelken30 tf_backend.workspace-prefix=env:/ http.method=GET net.peer.name=app-devops-michaelken30.s3.us-east-1.amazonaws.com http.user_agent="APN/1.0 HashiCorp/1.0 Terraform/1.14.4 (+https://www.terraform.io) aws-sdk-go-v2/1.39.2 ua/2.1 os/macos lang/go#1.25.6 md/GOOS#darwin md/GOARCH#amd64 api/s3#1.88.3 m/C,n" http.request.header.authorization="AWS4-HMAC-SHA256 Credential=AKIA************UQ5I/20260220/us-east-1/s3/aws4_request, SignedHeaders=accept-encoding;amz-sdk-invocation-id;amz-sdk-request;host;x-amz-content-sha256;x-amz-date, Signature=*****" http.request.header.x_amz_date=20260220T102230Z http.request.header.amz_sdk_invocation_id=42b77e59-0b59-460d-a59e-c77bf7ee7b11 http.url="https://app-devops-michaelken30.s3.us-east-1.amazonaws.com/?list-type=2&max-keys=1000&prefix=env%3A%2F" http.request.header.amz_sdk_request="attempt=1; max=5" http.request.header.x_amz_content_sha256=e3b0c44298fc1c149afbf4c8996fb92427ae41e4649b934ca495991b7852b855 http.request.header.accept_encoding=identity http.request.body=""
2026-02-20T11:22:35.761+0100 [DEBUG] backend-s3: HTTP Response Received: aws.region=us-east-1 aws.s3.bucket=app-devops-michaelken30 rpc.method=ListObjectsV2 rpc.service=S3 rpc.system=aws-api tf_aws.sdk=aws-sdk-go-v2 tf_aws.signing_region="" tf_backend.operation=Workspaces tf_backend.req_id=796d3f3a-f844-239a-d142-8bff3c06140d tf_backend.s3.bucket=app-devops-michaelken30 tf_backend.workspace-prefix=env:/ http.response.header.date="Fri, 20 Feb 2026 10:22:36 GMT" http.response.header.x_amz_bucket_region=us-east-1
  http.response.body=
  | <?xml version="1.0" encoding="UTF-8"?>
  | <ListBucketResult xmlns="http://s3.amazonaws.com/doc/2006-03-01/"><Name>app-devops-michaelken30</Name><Prefix>env:/</Prefix><KeyCount>0</KeyCount><MaxKeys>1000</MaxKeys><IsTruncated>false</IsTruncated></ListBucketResult>
   http.duration=5116 http.status_code=200 http.response.header.x_amz_id_2="fh+JfVJy173WiBcNTcas39T5jsg05e2Kt1JjdM3JiMZ3xYIf6gil5xtj6Q+0Vizm1lUXLMT6acU=" http.response.header.x_amz_request_id=TKSGH2M2RRMM0PYF http.response.header.content_type=application/xml http.response.header.server=AmazonS3
2026-02-20T11:22:35.787+0100 [DEBUG] checking for provisioner in "."
2026-02-20T11:22:35.791+0100 [DEBUG] checking for provisioner in "/usr/local/bin"
2026-02-20T11:22:35.792+0100 [DEBUG] backend-s3: HTTP Request Sent: aws.region=us-east-1 aws.s3.bucket=app-devops-michaelken30 rpc.method=ListObjectsV2 rpc.service=S3 rpc.system=aws-api tf_aws.sdk=aws-sdk-go-v2 tf_aws.signing_region="" tf_backend.operation=Workspaces tf_backend.req_id=f93c4de3-48a9-987f-5180-19de8e9193b4 tf_backend.s3.bucket=app-devops-michaelken30 tf_backend.workspace-prefix=env:/ http.method=GET http.url="https://app-devops-michaelken30.s3.us-east-1.amazonaws.com/?list-type=2&max-keys=1000&prefix=env%3A%2F" http.user_agent="APN/1.0 HashiCorp/1.0 Terraform/1.14.4 (+https://www.terraform.io) aws-sdk-go-v2/1.39.2 ua/2.1 os/macos lang/go#1.25.6 md/GOOS#darwin md/GOARCH#amd64 api/s3#1.88.3 m/C,n" http.request.header.amz_sdk_invocation_id=ef220f5f-6db6-48e7-b853-afb3d129026f http.request.header.accept_encoding=identity http.request.header.x_amz_content_sha256=e3b0c44298fc1c149afbf4c8996fb92427ae41e4649b934ca495991b7852b855 http.request.header.x_amz_date=20260220T102235Z net.peer.name=app-devops-michaelken30.s3.us-east-1.amazonaws.com http.request.header.authorization="AWS4-HMAC-SHA256 Credential=AKIA************UQ5I/20260220/us-east-1/s3/aws4_request, SignedHeaders=accept-encoding;amz-sdk-invocation-id;amz-sdk-request;host;x-amz-content-sha256;x-amz-date, Signature=*****" http.request.header.amz_sdk_request="attempt=1; max=5" http.request.body=""
2026-02-20T11:22:36.079+0100 [DEBUG] backend-s3: HTTP Response Received: aws.region=us-east-1 aws.s3.bucket=app-devops-michaelken30 rpc.method=ListObjectsV2 rpc.service=S3 rpc.system=aws-api tf_aws.sdk=aws-sdk-go-v2 tf_aws.signing_region="" tf_backend.operation=Workspaces tf_backend.req_id=f93c4de3-48a9-987f-5180-19de8e9193b4 tf_backend.s3.bucket=app-devops-michaelken30 tf_backend.workspace-prefix=env:/ http.response.header.x_amz_id_2="y6ycxiUcRA1brNuPGU8V+4il5NjIo64qHPlqyUvbEWXARo9d7EbINUM8kjVCBhDJ2M6lu03g0Ek=" http.response.header.date="Fri, 20 Feb 2026 10:22:36 GMT" http.duration=286 http.status_code=200 http.response.header.content_type=application/xml http.response.header.x_amz_request_id=TKSMDV3G8BWEQHZ5 http.response.header.x_amz_bucket_region=us-east-1
  http.response.body=
  | <?xml version="1.0" encoding="UTF-8"?>
  | <ListBucketResult xmlns="http://s3.amazonaws.com/doc/2006-03-01/"><Name>app-devops-michaelken30</Name><Prefix>env:/</Prefix><KeyCount>0</KeyCount><MaxKeys>1000</MaxKeys><IsTruncated>false</IsTruncated></ListBucketResult>
   http.response.header.server=AmazonS3
2026-02-20T11:22:36.079+0100 [INFO]  backend-s3: Downloading remote state: tf_backend.operation=Get tf_backend.req_id=64b593db-0208-b6b1-9628-df6f3555e077 tf_backend.s3.bucket=app-devops-michaelken30 tf_backend.s3.path=prod/service/terraform.tfstate
2026-02-20T11:22:36.082+0100 [DEBUG] backend-s3: HTTP Request Sent: aws.region=us-east-1 aws.s3.bucket=app-devops-michaelken30 aws.s3.key=prod/service/terraform.tfstate rpc.method=HeadObject rpc.service=S3 rpc.system=aws-api tf_aws.sdk=aws-sdk-go-v2 tf_aws.signing_region="" tf_backend.operation=Get tf_backend.req_id=64b593db-0208-b6b1-9628-df6f3555e077 tf_backend.s3.bucket=app-devops-michaelken30 tf_backend.s3.path=prod/service/terraform.tfstate http.request.header.x_amz_date=20260220T102236Z http.request.header.accept_encoding=identity http.request.header.amz_sdk_invocation_id=17d52fce-2189-476d-b3a2-f267fd12cad5 http.request.body="" http.url=https://app-devops-michaelken30.s3.us-east-1.amazonaws.com/prod/service/terraform.tfstate net.peer.name=app-devops-michaelken30.s3.us-east-1.amazonaws.com http.user_agent="APN/1.0 HashiCorp/1.0 Terraform/1.14.4 (+https://www.terraform.io) aws-sdk-go-v2/1.39.2 ua/2.1 os/macos lang/go#1.25.6 md/GOOS#darwin md/GOARCH#amd64 api/s3#1.88.3 m/n" http.request.header.amz_sdk_request="attempt=1; max=5" http.method=HEAD http.request.header.authorization="AWS4-HMAC-SHA256 Credential=AKIA************UQ5I/20260220/us-east-1/s3/aws4_request, SignedHeaders=accept-encoding;amz-sdk-invocation-id;amz-sdk-request;host;x-amz-content-sha256;x-amz-date, Signature=*****" http.request.header.x_amz_content_sha256=e3b0c44298fc1c149afbf4c8996fb92427ae41e4649b934ca495991b7852b855
2026-02-20T11:22:36.376+0100 [DEBUG] backend-s3: HTTP Response Received: aws.region=us-east-1 aws.s3.bucket=app-devops-michaelken30 aws.s3.key=prod/service/terraform.tfstate rpc.method=HeadObject rpc.service=S3 rpc.system=aws-api tf_aws.sdk=aws-sdk-go-v2 tf_aws.signing_region="" tf_backend.operation=Get tf_backend.req_id=64b593db-0208-b6b1-9628-df6f3555e077 tf_backend.s3.bucket=app-devops-michaelken30 tf_backend.s3.path=prod/service/terraform.tfstate http.response.body="" http.duration=294 http.status_code=404 http.response.header.content_type=application/xml http.response.header.date="Fri, 20 Feb 2026 10:22:36 GMT" http.response.header.server=AmazonS3 http.response.header.x_amz_request_id=GV8PRFJME1RKAHKA http.response.header.x_amz_id_2=izBkke8AjJ3O6RQgeve9LIMYUtOzGyrEs1x2mxIlLkdkrKh4YFLbIQyAx5zJNxXuRfQOul9wlyM=
2026-02-20T11:22:36.377+0100 [DEBUG] backend-s3: request failed with unretryable error https response error StatusCode: 404, RequestID: GV8PRFJME1RKAHKA, HostID: izBkke8AjJ3O6RQgeve9LIMYUtOzGyrEs1x2mxIlLkdkrKh4YFLbIQyAx5zJNxXuRfQOul9wlyM=, NotFound: : aws.region=us-east-1 aws.s3.bucket=app-devops-michaelken30 aws.s3.key=prod/service/terraform.tfstate rpc.method=HeadObject rpc.service=S3 rpc.system=aws-api tf_aws.sdk=aws-sdk-go-v2 tf_backend.operation=Get tf_backend.req_id=64b593db-0208-b6b1-9628-df6f3555e077 tf_backend.s3.bucket=app-devops-michaelken30 tf_backend.s3.path=prod/service/terraform.tfstate
2026-02-20T11:22:36.385+0100 [DEBUG] backend-s3: HTTP Request Sent: aws.dynamodb.consistent_read=true aws.dynamodb.projection="LockID, Digest" aws.dynamodb.table_names=["bucket-locks1"] aws.region=us-east-1 db.system.name=aws.dynamodb rpc.method=GetItem rpc.service=DynamoDB rpc.system=aws-api tf_aws.sdk=aws-sdk-go-v2 tf_aws.signing_region="" tf_backend.operation=Get tf_backend.req_id=64b593db-0208-b6b1-9628-df6f3555e077 tf_backend.s3.bucket=app-devops-michaelken30 tf_backend.s3.path=prod/service/terraform.tfstate http.user_agent="APN/1.0 HashiCorp/1.0 Terraform/1.14.4 (+https://www.terraform.io) aws-sdk-go-v2/1.39.2 ua/2.1 os/macos lang/go#1.25.6 md/GOOS#darwin md/GOARCH#amd64 api/dynamodb#1.50.5 m/P,n" http.request_content_length=175 http.request.header.content_type=application/x-amz-json-1.0 http.request.header.x_amz_target=DynamoDB_20120810.GetItem http.request.header.amz_sdk_invocation_id=5a0191ab-a401-44c4-b03a-6e450caba3de
  http.request.body=
  | {"ConsistentRead":true,"Key":{"LockID":{"S":"app-devops-michaelken30/prod/service/terraform.tfstate-md5"}},"ProjectionExpression":"LockID, Digest","TableName":"bucket-locks1"}
   http.url=https://dynamodb.us-east-1.amazonaws.com/ net.peer.name=dynamodb.us-east-1.amazonaws.com http.request.header.authorization="AWS4-HMAC-SHA256 Credential=AKIA************UQ5I/20260220/us-east-1/dynamodb/aws4_request, SignedHeaders=accept-encoding;amz-sdk-invocation-id;amz-sdk-request;content-length;content-type;host;x-amz-date;x-amz-target, Signature=*****" http.request.header.x_amz_date=20260220T102236Z http.request.header.accept_encoding=identity http.request.header.amz_sdk_request="attempt=1; max=5" http.method=POST
2026-02-20T11:22:38.065+0100 [DEBUG] backend-s3: HTTP Response Received: aws.dynamodb.consistent_read=true aws.dynamodb.projection="LockID, Digest" aws.dynamodb.table_names=["bucket-locks1"] aws.region=us-east-1 db.system.name=aws.dynamodb rpc.method=GetItem rpc.service=DynamoDB rpc.system=aws-api tf_aws.sdk=aws-sdk-go-v2 tf_aws.signing_region="" tf_backend.operation=Get tf_backend.req_id=64b593db-0208-b6b1-9628-df6f3555e077 tf_backend.s3.bucket=app-devops-michaelken30 tf_backend.s3.path=prod/service/terraform.tfstate http.response.header.x_amzn_requestid=B6D3H1TO1IQ99H2APR3CK9AFMVVV4KQNSO5AEMVJF66Q9ASUAAJG http.response.header.server=Server
  http.response.body=
  | {}
   http.duration=1680 http.status_code=200 http.response_content_length=2 http.response.header.date="Fri, 20 Feb 2026 10:22:37 GMT" http.response.header.connection=keep-alive http.response.header.x_amz_crc32=2745614147 http.response.header.content_type=application/x-amz-json-1.0
2026-02-20T11:22:38.065+0100 [WARN]  backend-s3: failed to fetch state MD5: tf_backend.operation=Get tf_backend.req_id=64b593db-0208-b6b1-9628-df6f3555e077 tf_backend.s3.bucket=app-devops-michaelken30 tf_backend.s3.path=prod/service/terraform.tfstate error="invalid md5"
2026-02-20T11:22:38.069+0100 [DEBUG] Module installer: begin compute
2026-02-20T11:22:38.089+0100 [DEBUG] Module installer: compute installed at ../../modules/compute
2026-02-20T11:22:38.089+0100 [DEBUG] Module installer: begin networking
2026-02-20T11:22:38.100+0100 [DEBUG] Module installer: networking installed at ../../modules/networking
2026-02-20T11:22:38.100+0100 [DEBUG] Module installer: begin observability
2026-02-20T11:22:38.104+0100 [DEBUG] Module installer: observability installed at ../../modules/observability
2026-02-20T11:22:38.121+0100 [DEBUG] Service discovery for registry.terraform.io at https://registry.terraform.io/.well-known/terraform.json
2026-02-20T11:22:40.461+0100 [DEBUG] GET https://registry.terraform.io/v1/providers/hashicorp/aws/versions
2026-02-20T11:22:41.644+0100 [DEBUG] GET https://registry.terraform.io/v1/providers/hashicorp/aws/6.33.0/download/darwin/amd64
2026-02-20T11:22:44.005+0100 [DEBUG] GET https://releases.hashicorp.com/terraform-provider-aws/6.33.0/terraform-provider-aws_6.33.0_SHA256SUMS
2026-02-20T11:22:46.418+0100 [DEBUG] GET https://releases.hashicorp.com/terraform-provider-aws/6.33.0/terraform-provider-aws_6.33.0_SHA256SUMS.72D7468F.sig
